# JRE version: Java(TM) SE Runtime Environment (8.0_212-b10) (build 1.8.0_212-b10)
# Java VM: Java HotSpot(TM) 64-Bit Server VM (25.212-b10 mixed mode windows-amd64 compressed oops)
Heap:
 PSYoungGen      total 164352K, used 82107K [0x000000076b700000, 0x0000000778400000, 0x00000007c0000000)
  eden space 153600K, 53% used [0x000000076b700000,0x000000077072ec38,0x0000000774d00000)
  from space 10752K, 0% used [0x0000000775900000,0x0000000775900000,0x0000000776380000)
  to   space 12288K, 0% used [0x0000000774d00000,0x0000000774d00000,0x0000000775900000)
 ParOldGen       total 165376K, used 15626K [0x00000006c2400000, 0x00000006cc580000, 0x000000076b700000)
  object space 165376K, 9% used [0x00000006c2400000,0x00000006c33428b8,0x00000006cc580000)
 Metaspace       used 35263K, capacity 36836K, committed 37080K, reserved 1081344K
  class space    used 4515K, capacity 4799K, committed 4864K, reserved 1048576K
GC Heap History (10 events):
Event: 3.554 GC heap before
{Heap before GC invocations=4 (full 1):
 PSYoungGen      total 75776K, used 9244K [0x000000076b700000, 0x0000000774b00000, 0x00000007c0000000)
  eden space 65024K, 0% used [0x000000076b700000,0x000000076b700000,0x000000076f680000)
  from space 10752K, 85% used [0x000000076f680000,0x000000076ff87378,0x0000000770100000)
  to   space 10752K, 0% used [0x0000000774080000,0x0000000774080000,0x0000000774b00000)
 ParOldGen       total 173568K, used 32K [0x00000006c2400000, 0x00000006ccd80000, 0x000000076b700000)
  object space 173568K, 0% used [0x00000006c2400000,0x00000006c2408000,0x00000006ccd80000)
 Metaspace       used 20611K, capacity 21160K, committed 21248K, reserved 1067008K
  class space    used 2640K, capacity 2789K, committed 2816K, reserved 1048576K
Event: 3.599 GC heap after
Heap after GC invocations=4 (full 1):
 PSYoungGen      total 75776K, used 0K [0x000000076b700000, 0x0000000774b00000, 0x00000007c0000000)
  eden space 65024K, 0% used [0x000000076b700000,0x000000076b700000,0x000000076f680000)
  from space 10752K, 0% used [0x000000076f680000,0x000000076f680000,0x0000000770100000)
  to   space 10752K, 0% used [0x0000000774080000,0x0000000774080000,0x0000000774b00000)
 ParOldGen       total 108544K, used 8772K [0x00000006c2400000, 0x00000006c8e00000, 0x000000076b700000)
  object space 108544K, 8% used [0x00000006c2400000,0x00000006c2c91398,0x00000006c8e00000)
 Metaspace       used 20611K, capacity 21160K, committed 21248K, reserved 1067008K
  class space    used 2640K, capacity 2789K, committed 2816K, reserved 1048576K
}
Event: 4.224 GC heap before
{Heap before GC invocations=5 (full 1):
 PSYoungGen      total 75776K, used 64999K [0x000000076b700000, 0x0000000774b00000, 0x00000007c0000000)
  eden space 65024K, 99% used [0x000000076b700000,0x000000076f679eb0,0x000000076f680000)
  from space 10752K, 0% used [0x000000076f680000,0x000000076f680000,0x0000000770100000)
  to   space 10752K, 0% used [0x0000000774080000,0x0000000774080000,0x0000000774b00000)
 ParOldGen       total 108544K, used 8772K [0x00000006c2400000, 0x00000006c8e00000, 0x000000076b700000)
  object space 108544K, 8% used [0x00000006c2400000,0x00000006c2c91398,0x00000006c8e00000)
 Metaspace       used 24453K, capacity 25170K, committed 25472K, reserved 1071104K
  class space    used 3147K, capacity 3334K, committed 3456K, reserved 1048576K
Event: 4.244 GC heap after
Heap after GC invocations=5 (full 1):
 PSYoungGen      total 107008K, used 5248K [0x000000076b700000, 0x0000000774600000, 0x00000007c0000000)
  eden space 101376K, 0% used [0x000000076b700000,0x000000076b700000,0x0000000771a00000)
  from space 5632K, 93% used [0x0000000774080000,0x00000007745a0380,0x0000000774600000)
  to   space 10752K, 0% used [0x0000000773100000,0x0000000773100000,0x0000000773b80000)
 ParOldGen       total 108544K, used 8844K [0x00000006c2400000, 0x00000006c8e00000, 0x000000076b700000)
  object space 108544K, 8% used [0x00000006c2400000,0x00000006c2ca33a8,0x00000006c8e00000)
 Metaspace       used 24453K, capacity 25170K, committed 25472K, reserved 1071104K
  class space    used 3147K, capacity 3334K, committed 3456K, reserved 1048576K
}
Event: 5.847 GC heap before
{Heap before GC invocations=6 (full 1):
 PSYoungGen      total 107008K, used 106624K [0x000000076b700000, 0x0000000774600000, 0x00000007c0000000)
  eden space 101376K, 100% used [0x000000076b700000,0x0000000771a00000,0x0000000771a00000)
  from space 5632K, 93% used [0x0000000774080000,0x00000007745a0380,0x0000000774600000)
  to   space 10752K, 0% used [0x0000000773100000,0x0000000773100000,0x0000000773b80000)
 ParOldGen       total 108544K, used 8844K [0x00000006c2400000, 0x00000006c8e00000, 0x000000076b700000)
  object space 108544K, 8% used [0x00000006c2400000,0x00000006c2ca33a8,0x00000006c8e00000)
 Metaspace       used 29063K, capacity 30096K, committed 30208K, reserved 1075200K
  class space    used 3765K, capacity 3993K, committed 4096K, reserved 1048576K
Event: 5.863 GC heap after
Heap after GC invocations=6 (full 1):
 PSYoungGen      total 135680K, used 8424K [0x000000076b700000, 0x0000000776380000, 0x00000007c0000000)
  eden space 124928K, 0% used [0x000000076b700000,0x000000076b700000,0x0000000773100000)
  from space 10752K, 78% used [0x0000000773100000,0x000000077393a2c8,0x0000000773b80000)
  to   space 10752K, 0% used [0x0000000775900000,0x0000000775900000,0x0000000776380000)
 ParOldGen       total 108544K, used 8852K [0x00000006c2400000, 0x00000006c8e00000, 0x000000076b700000)
  object space 108544K, 8% used [0x00000006c2400000,0x00000006c2ca53a8,0x00000006c8e00000)
 Metaspace       used 29063K, capacity 30096K, committed 30208K, reserved 1075200K
  class space    used 3765K, capacity 3993K, committed 4096K, reserved 1048576K
}
Event: 8.362 GC heap before
{Heap before GC invocations=7 (full 1):
 PSYoungGen      total 135680K, used 105178K [0x000000076b700000, 0x0000000776380000, 0x00000007c0000000)
  eden space 124928K, 77% used [0x000000076b700000,0x000000077157c6b8,0x0000000773100000)
  from space 10752K, 78% used [0x0000000773100000,0x000000077393a2c8,0x0000000773b80000)
  to   space 10752K, 0% used [0x0000000775900000,0x0000000775900000,0x0000000776380000)
 ParOldGen       total 108544K, used 8852K [0x00000006c2400000, 0x00000006c8e00000, 0x000000076b700000)
  object space 108544K, 8% used [0x00000006c2400000,0x00000006c2ca53a8,0x00000006c8e00000)
 Metaspace       used 33731K, capacity 35266K, committed 35416K, reserved 1079296K
  class space    used 4332K, capacity 4622K, committed 4736K, reserved 1048576K
Event: 8.373 GC heap after
Heap after GC invocations=7 (full 1):
 PSYoungGen      total 164352K, used 10730K [0x000000076b700000, 0x0000000778400000, 0x00000007c0000000)
  eden space 153600K, 0% used [0x000000076b700000,0x000000076b700000,0x0000000774d00000)
  from space 10752K, 99% used [0x0000000775900000,0x000000077637a968,0x0000000776380000)
  to   space 12288K, 0% used [0x0000000774d00000,0x0000000774d00000,0x0000000775900000)
 ParOldGen       total 108544K, used 9450K [0x00000006c2400000, 0x00000006c8e00000, 0x000000076b700000)
  object space 108544K, 8% used [0x00000006c2400000,0x00000006c2d3a998,0x00000006c8e00000)
 Metaspace       used 33731K, capacity 35266K, committed 35416K, reserved 1079296K
  class space    used 4332K, capacity 4622K, committed 4736K, reserved 1048576K
}
Event: 8.373 GC heap before
{Heap before GC invocations=8 (full 2):
 PSYoungGen      total 164352K, used 10730K [0x000000076b700000, 0x0000000778400000, 0x00000007c0000000)
  eden space 153600K, 0% used [0x000000076b700000,0x000000076b700000,0x0000000774d00000)
  from space 10752K, 99% used [0x0000000775900000,0x000000077637a968,0x0000000776380000)
  to   space 12288K, 0% used [0x0000000774d00000,0x0000000774d00000,0x0000000775900000)
 ParOldGen       total 108544K, used 9450K [0x00000006c2400000, 0x00000006c8e00000, 0x000000076b700000)
  object space 108544K, 8% used [0x00000006c2400000,0x00000006c2d3a998,0x00000006c8e00000)
 Metaspace       used 33731K, capacity 35266K, committed 35416K, reserved 1079296K
  class space    used 4332K, capacity 4622K, committed 4736K, reserved 1048576K
Event: 8.424 GC heap after
Heap after GC invocations=8 (full 2):
 PSYoungGen      total 164352K, used 0K [0x000000076b700000, 0x0000000778400000, 0x00000007c0000000)
  eden space 153600K, 0% used [0x000000076b700000,0x000000076b700000,0x0000000774d00000)
  from space 10752K, 0% used [0x0000000775900000,0x0000000775900000,0x0000000776380000)
  to   space 12288K, 0% used [0x0000000774d00000,0x0000000774d00000,0x0000000775900000)
 ParOldGen       total 165376K, used 15626K [0x00000006c2400000, 0x00000006cc580000, 0x000000076b700000)
  object space 165376K, 9% used [0x00000006c2400000,0x00000006c33428b8,0x00000006cc580000)
 Metaspace       used 33731K, capacity 35266K, committed 35416K, reserved 1079296K
  class space    used 4332K, capacity 4622K, committed 4736K, reserved 1048576K
}

