# JRE version: Java(TM) SE Runtime Environment (8.0_212-b10) (build 1.8.0_212-b10)
# Java VM: Java HotSpot(TM) 64-Bit Server VM (25.212-b10 mixed mode windows-amd64 compressed oops)
Heap:
 PSYoungGen      total 225280K, used 64888K [0x000000076b700000, 0x000000077ab80000, 0x00000007c0000000)
  eden space 212480K, 24% used [0x000000076b700000,0x000000076e9e0698,0x0000000778680000)
  from space 12800K, 99% used [0x0000000779700000,0x000000077a37d9d0,0x000000077a380000)
  to   space 16896K, 0% used [0x0000000778680000,0x0000000778680000,0x0000000779700000)
 ParOldGen       total 165888K, used 21268K [0x00000006c2400000, 0x00000006cc600000, 0x000000076b700000)
  object space 165888K, 12% used [0x00000006c2400000,0x00000006c38c5110,0x00000006cc600000)
 Metaspace       used 54534K, capacity 56734K, committed 56920K, reserved 1097728K
  class space    used 7395K, capacity 7786K, committed 7808K, reserved 1048576K
GC Heap History (10 events):
Event: 4.253 GC heap before
{Heap before GC invocations=6 (full 1):
 PSYoungGen      total 104960K, used 104608K [0x000000076b700000, 0x0000000774600000, 0x00000007c0000000)
  eden space 99328K, 100% used [0x000000076b700000,0x0000000771800000,0x0000000771800000)
  from space 5632K, 93% used [0x0000000774080000,0x00000007745a8160,0x0000000774600000)
  to   space 10752K, 0% used [0x0000000773100000,0x0000000773100000,0x0000000773b80000)
 ParOldGen       total 105472K, used 8580K [0x00000006c2400000, 0x00000006c8b00000, 0x000000076b700000)
  object space 105472K, 8% used [0x00000006c2400000,0x00000006c2c61198,0x00000006c8b00000)
 Metaspace       used 28731K, capacity 29756K, committed 29824K, reserved 1075200K
  class space    used 3728K, capacity 3961K, committed 3968K, reserved 1048576K
Event: 4.265 GC heap after
Heap after GC invocations=6 (full 1):
 PSYoungGen      total 135680K, used 8032K [0x000000076b700000, 0x0000000775f00000, 0x00000007c0000000)
  eden space 124928K, 0% used [0x000000076b700000,0x000000076b700000,0x0000000773100000)
  from space 10752K, 74% used [0x0000000773100000,0x00000007738d83f0,0x0000000773b80000)
  to   space 10240K, 0% used [0x0000000775500000,0x0000000775500000,0x0000000775f00000)
 ParOldGen       total 105472K, used 8588K [0x00000006c2400000, 0x00000006c8b00000, 0x000000076b700000)
  object space 105472K, 8% used [0x00000006c2400000,0x00000006c2c63198,0x00000006c8b00000)
 Metaspace       used 28731K, capacity 29756K, committed 29824K, reserved 1075200K
  class space    used 3728K, capacity 3961K, committed 3968K, reserved 1048576K
}
Event: 6.982 GC heap before
{Heap before GC invocations=7 (full 1):
 PSYoungGen      total 135680K, used 105511K [0x000000076b700000, 0x0000000775f00000, 0x00000007c0000000)
  eden space 124928K, 78% used [0x000000076b700000,0x0000000771631990,0x0000000773100000)
  from space 10752K, 74% used [0x0000000773100000,0x00000007738d83f0,0x0000000773b80000)
  to   space 10240K, 0% used [0x0000000775500000,0x0000000775500000,0x0000000775f00000)
 ParOldGen       total 105472K, used 8588K [0x00000006c2400000, 0x00000006c8b00000, 0x000000076b700000)
  object space 105472K, 8% used [0x00000006c2400000,0x00000006c2c63198,0x00000006c8b00000)
 Metaspace       used 33738K, capacity 35266K, committed 35416K, reserved 1079296K
  class space    used 4336K, capacity 4622K, committed 4736K, reserved 1048576K
Event: 6.994 GC heap after
Heap after GC invocations=7 (full 1):
 PSYoungGen      total 159744K, used 10226K [0x000000076b700000, 0x0000000778380000, 0x00000007c0000000)
  eden space 149504K, 0% used [0x000000076b700000,0x000000076b700000,0x0000000774900000)
  from space 10240K, 99% used [0x0000000775500000,0x0000000775efcb58,0x0000000775f00000)
  to   space 12288K, 0% used [0x0000000774900000,0x0000000774900000,0x0000000775500000)
 ParOldGen       total 105472K, used 9745K [0x00000006c2400000, 0x00000006c8b00000, 0x000000076b700000)
  object space 105472K, 9% used [0x00000006c2400000,0x00000006c2d84610,0x00000006c8b00000)
 Metaspace       used 33738K, capacity 35266K, committed 35416K, reserved 1079296K
  class space    used 4336K, capacity 4622K, committed 4736K, reserved 1048576K
}
Event: 6.994 GC heap before
{Heap before GC invocations=8 (full 2):
 PSYoungGen      total 159744K, used 10226K [0x000000076b700000, 0x0000000778380000, 0x00000007c0000000)
  eden space 149504K, 0% used [0x000000076b700000,0x000000076b700000,0x0000000774900000)
  from space 10240K, 99% used [0x0000000775500000,0x0000000775efcb58,0x0000000775f00000)
  to   space 12288K, 0% used [0x0000000774900000,0x0000000774900000,0x0000000775500000)
 ParOldGen       total 105472K, used 9745K [0x00000006c2400000, 0x00000006c8b00000, 0x000000076b700000)
  object space 105472K, 9% used [0x00000006c2400000,0x00000006c2d84610,0x00000006c8b00000)
 Metaspace       used 33738K, capacity 35266K, committed 35416K, reserved 1079296K
  class space    used 4336K, capacity 4622K, committed 4736K, reserved 1048576K
Event: 7.048 GC heap after
Heap after GC invocations=8 (full 2):
 PSYoungGen      total 159744K, used 0K [0x000000076b700000, 0x0000000778380000, 0x00000007c0000000)
  eden space 149504K, 0% used [0x000000076b700000,0x000000076b700000,0x0000000774900000)
  from space 10240K, 0% used [0x0000000775500000,0x0000000775500000,0x0000000775f00000)
  to   space 12288K, 0% used [0x0000000774900000,0x0000000774900000,0x0000000775500000)
 ParOldGen       total 165888K, used 15721K [0x00000006c2400000, 0x00000006cc600000, 0x000000076b700000)
  object space 165888K, 9% used [0x00000006c2400000,0x00000006c335a5e0,0x00000006cc600000)
 Metaspace       used 33738K, capacity 35266K, committed 35416K, reserved 1079296K
  class space    used 4336K, capacity 4622K, committed 4736K, reserved 1048576K
}
Event: 9.026 GC heap before
{Heap before GC invocations=9 (full 2):
 PSYoungGen      total 159744K, used 149504K [0x000000076b700000, 0x0000000778380000, 0x00000007c0000000)
  eden space 149504K, 100% used [0x000000076b700000,0x0000000774900000,0x0000000774900000)
  from space 10240K, 0% used [0x0000000775500000,0x0000000775500000,0x0000000775f00000)
  to   space 12288K, 0% used [0x0000000774900000,0x0000000774900000,0x0000000775500000)
 ParOldGen       total 165888K, used 15721K [0x00000006c2400000, 0x00000006cc600000, 0x000000076b700000)
  object space 165888K, 9% used [0x00000006c2400000,0x00000006c335a5e0,0x00000006cc600000)
 Metaspace       used 41702K, capacity 43394K, committed 43608K, reserved 1087488K
  class space    used 5402K, capacity 5728K, committed 5760K, reserved 1048576K
Event: 9.043 GC heap after
Heap after GC invocations=9 (full 2):
 PSYoungGen      total 161792K, used 10650K [0x000000076b700000, 0x000000077a380000, 0x00000007c0000000)
  eden space 149504K, 0% used [0x000000076b700000,0x000000076b700000,0x0000000774900000)
  from space 12288K, 86% used [0x0000000774900000,0x0000000775366b48,0x0000000775500000)
  to   space 12800K, 0% used [0x0000000779700000,0x0000000779700000,0x000000077a380000)
 ParOldGen       total 165888K, used 15729K [0x00000006c2400000, 0x00000006cc600000, 0x000000076b700000)
  object space 165888K, 9% used [0x00000006c2400000,0x00000006c335c5e0,0x00000006cc600000)
 Metaspace       used 41702K, capacity 43394K, committed 43608K, reserved 1087488K
  class space    used 5402K, capacity 5728K, committed 5760K, reserved 1048576K
}
Event: 11.734 GC heap before
{Heap before GC invocations=10 (full 2):
 PSYoungGen      total 161792K, used 160154K [0x000000076b700000, 0x000000077a380000, 0x00000007c0000000)
  eden space 149504K, 100% used [0x000000076b700000,0x0000000774900000,0x0000000774900000)
  from space 12288K, 86% used [0x0000000774900000,0x0000000775366b48,0x0000000775500000)
  to   space 12800K, 0% used [0x0000000779700000,0x0000000779700000,0x000000077a380000)
 ParOldGen       total 165888K, used 15729K [0x00000006c2400000, 0x00000006cc600000, 0x000000076b700000)
  object space 165888K, 9% used [0x00000006c2400000,0x00000006c335c5e0,0x00000006cc600000)
 Metaspace       used 53723K, capacity 55958K, committed 56152K, reserved 1097728K
  class space    used 7299K, capacity 7708K, committed 7808K, reserved 1048576K
Event: 11.758 GC heap after
Heap after GC invocations=10 (full 2):
 PSYoungGen      total 225280K, used 12790K [0x000000076b700000, 0x000000077ab80000, 0x00000007c0000000)
  eden space 212480K, 0% used [0x000000076b700000,0x000000076b700000,0x0000000778680000)
  from space 12800K, 99% used [0x0000000779700000,0x000000077a37d9d0,0x000000077a380000)
  to   space 16896K, 0% used [0x0000000778680000,0x0000000778680000,0x0000000779700000)
 ParOldGen       total 165888K, used 21268K [0x00000006c2400000, 0x00000006cc600000, 0x000000076b700000)
  object space 165888K, 12% used [0x00000006c2400000,0x00000006c38c5110,0x00000006cc600000)
 Metaspace       used 53723K, capacity 55958K, committed 56152K, reserved 1097728K
  class space    used 7299K, capacity 7708K, committed 7808K, reserved 1048576K
}

