# JRE version: Java(TM) SE Runtime Environment (8.0_212-b10) (build 1.8.0_212-b10)
# Java VM: Java HotSpot(TM) 64-Bit Server VM (25.212-b10 mixed mode windows-amd64 compressed oops)
Heap:
 PSYoungGen      total 148480K, used 24020K [0x000000076b700000, 0x0000000778380000, 0x00000007c0000000)
  eden space 136192K, 10% used [0x000000076b700000,0x000000076c546128,0x0000000773c00000)
  from space 12288K, 76% used [0x0000000773c00000,0x000000077452f180,0x0000000774800000)
  to   space 12288K, 0% used [0x0000000777780000,0x0000000777780000,0x0000000778380000)
 ParOldGen       total 176128K, used 15987K [0x00000006c2400000, 0x00000006cd000000, 0x000000076b700000)
  object space 176128K, 9% used [0x00000006c2400000,0x00000006c339cec0,0x00000006cd000000)
 Metaspace       used 41451K, capacity 43160K, committed 43352K, reserved 1087488K
  class space    used 5356K, capacity 5693K, committed 5760K, reserved 1048576K
GC Heap History (10 events):
Event: 2.775 GC heap before
{Heap before GC invocations=5 (full 1):
 PSYoungGen      total 75776K, used 65012K [0x000000076b700000, 0x0000000774b00000, 0x00000007c0000000)
  eden space 65024K, 99% used [0x000000076b700000,0x000000076f67d390,0x000000076f680000)
  from space 10752K, 0% used [0x000000076f680000,0x000000076f680000,0x0000000770100000)
  to   space 10752K, 0% used [0x0000000774080000,0x0000000774080000,0x0000000774b00000)
 ParOldGen       total 108032K, used 8516K [0x00000006c2400000, 0x00000006c8d80000, 0x000000076b700000)
  object space 108032K, 7% used [0x00000006c2400000,0x00000006c2c51018,0x00000006c8d80000)
 Metaspace       used 24482K, capacity 25178K, committed 25472K, reserved 1071104K
  class space    used 3150K, capacity 3334K, committed 3456K, reserved 1048576K
Event: 2.781 GC heap after
Heap after GC invocations=5 (full 1):
 PSYoungGen      total 101376K, used 5314K [0x000000076b700000, 0x0000000774600000, 0x00000007c0000000)
  eden space 95744K, 0% used [0x000000076b700000,0x000000076b700000,0x0000000771480000)
  from space 5632K, 94% used [0x0000000774080000,0x00000007745b0ae8,0x0000000774600000)
  to   space 10752K, 0% used [0x0000000773100000,0x0000000773100000,0x0000000773b80000)
 ParOldGen       total 108032K, used 8588K [0x00000006c2400000, 0x00000006c8d80000, 0x000000076b700000)
  object space 108032K, 7% used [0x00000006c2400000,0x00000006c2c63028,0x00000006c8d80000)
 Metaspace       used 24482K, capacity 25178K, committed 25472K, reserved 1071104K
  class space    used 3150K, capacity 3334K, committed 3456K, reserved 1048576K
}
Event: 3.644 GC heap before
{Heap before GC invocations=6 (full 1):
 PSYoungGen      total 101376K, used 101058K [0x000000076b700000, 0x0000000774600000, 0x00000007c0000000)
  eden space 95744K, 100% used [0x000000076b700000,0x0000000771480000,0x0000000771480000)
  from space 5632K, 94% used [0x0000000774080000,0x00000007745b0ae8,0x0000000774600000)
  to   space 10752K, 0% used [0x0000000773100000,0x0000000773100000,0x0000000773b80000)
 ParOldGen       total 108032K, used 8588K [0x00000006c2400000, 0x00000006c8d80000, 0x000000076b700000)
  object space 108032K, 7% used [0x00000006c2400000,0x00000006c2c63028,0x00000006c8d80000)
 Metaspace       used 28409K, capacity 29408K, committed 29568K, reserved 1075200K
  class space    used 3695K, capacity 3929K, committed 3968K, reserved 1048576K
Event: 3.651 GC heap after
Heap after GC invocations=6 (full 1):
 PSYoungGen      total 135680K, used 7787K [0x000000076b700000, 0x0000000775200000, 0x00000007c0000000)
  eden space 124928K, 0% used [0x000000076b700000,0x000000076b700000,0x0000000773100000)
  from space 10752K, 72% used [0x0000000773100000,0x000000077389adb8,0x0000000773b80000)
  to   space 10240K, 0% used [0x0000000774800000,0x0000000774800000,0x0000000775200000)
 ParOldGen       total 108032K, used 8596K [0x00000006c2400000, 0x00000006c8d80000, 0x000000076b700000)
  object space 108032K, 7% used [0x00000006c2400000,0x00000006c2c65028,0x00000006c8d80000)
 Metaspace       used 28409K, capacity 29408K, committed 29568K, reserved 1075200K
  class space    used 3695K, capacity 3929K, committed 3968K, reserved 1048576K
}
Event: 5.649 GC heap before
{Heap before GC invocations=7 (full 1):
 PSYoungGen      total 135680K, used 109405K [0x000000076b700000, 0x0000000775200000, 0x00000007c0000000)
  eden space 124928K, 81% used [0x000000076b700000,0x0000000771a3c8f8,0x0000000773100000)
  from space 10752K, 72% used [0x0000000773100000,0x000000077389adb8,0x0000000773b80000)
  to   space 10240K, 0% used [0x0000000774800000,0x0000000774800000,0x0000000775200000)
 ParOldGen       total 108032K, used 8596K [0x00000006c2400000, 0x00000006c8d80000, 0x000000076b700000)
  object space 108032K, 7% used [0x00000006c2400000,0x00000006c2c65028,0x00000006c8d80000)
 Metaspace       used 33743K, capacity 35274K, committed 35416K, reserved 1079296K
  class space    used 4334K, capacity 4622K, committed 4736K, reserved 1048576K
Event: 5.666 GC heap after
Heap after GC invocations=7 (full 1):
 PSYoungGen      total 146432K, used 10216K [0x000000076b700000, 0x0000000777c80000, 0x00000007c0000000)
  eden space 136192K, 0% used [0x000000076b700000,0x000000076b700000,0x0000000773c00000)
  from space 10240K, 99% used [0x0000000774800000,0x00000007751fa190,0x0000000775200000)
  to   space 12288K, 0% used [0x0000000773c00000,0x0000000773c00000,0x0000000774800000)
 ParOldGen       total 108032K, used 9997K [0x00000006c2400000, 0x00000006c8d80000, 0x000000076b700000)
  object space 108032K, 9% used [0x00000006c2400000,0x00000006c2dc34a0,0x00000006c8d80000)
 Metaspace       used 33743K, capacity 35274K, committed 35416K, reserved 1079296K
  class space    used 4334K, capacity 4622K, committed 4736K, reserved 1048576K
}
Event: 5.666 GC heap before
{Heap before GC invocations=8 (full 2):
 PSYoungGen      total 146432K, used 10216K [0x000000076b700000, 0x0000000777c80000, 0x00000007c0000000)
  eden space 136192K, 0% used [0x000000076b700000,0x000000076b700000,0x0000000773c00000)
  from space 10240K, 99% used [0x0000000774800000,0x00000007751fa190,0x0000000775200000)
  to   space 12288K, 0% used [0x0000000773c00000,0x0000000773c00000,0x0000000774800000)
 ParOldGen       total 108032K, used 9997K [0x00000006c2400000, 0x00000006c8d80000, 0x000000076b700000)
  object space 108032K, 9% used [0x00000006c2400000,0x00000006c2dc34a0,0x00000006c8d80000)
 Metaspace       used 33743K, capacity 35274K, committed 35416K, reserved 1079296K
  class space    used 4334K, capacity 4622K, committed 4736K, reserved 1048576K
Event: 5.730 GC heap after
Heap after GC invocations=8 (full 2):
 PSYoungGen      total 146432K, used 0K [0x000000076b700000, 0x0000000777c80000, 0x00000007c0000000)
  eden space 136192K, 0% used [0x000000076b700000,0x000000076b700000,0x0000000773c00000)
  from space 10240K, 0% used [0x0000000774800000,0x0000000774800000,0x0000000775200000)
  to   space 12288K, 0% used [0x0000000773c00000,0x0000000773c00000,0x0000000774800000)
 ParOldGen       total 176128K, used 15979K [0x00000006c2400000, 0x00000006cd000000, 0x000000076b700000)
  object space 176128K, 9% used [0x00000006c2400000,0x00000006c339aec0,0x00000006cd000000)
 Metaspace       used 33743K, capacity 35274K, committed 35416K, reserved 1079296K
  class space    used 4334K, capacity 4622K, committed 4736K, reserved 1048576K
}
Event: 7.155 GC heap before
{Heap before GC invocations=9 (full 2):
 PSYoungGen      total 146432K, used 136192K [0x000000076b700000, 0x0000000777c80000, 0x00000007c0000000)
  eden space 136192K, 100% used [0x000000076b700000,0x0000000773c00000,0x0000000773c00000)
  from space 10240K, 0% used [0x0000000774800000,0x0000000774800000,0x0000000775200000)
  to   space 12288K, 0% used [0x0000000773c00000,0x0000000773c00000,0x0000000774800000)
 ParOldGen       total 176128K, used 15979K [0x00000006c2400000, 0x00000006cd000000, 0x000000076b700000)
  object space 176128K, 9% used [0x00000006c2400000,0x00000006c339aec0,0x00000006cd000000)
 Metaspace       used 40704K, capacity 42424K, committed 42712K, reserved 1087488K
  class space    used 5210K, capacity 5533K, committed 5632K, reserved 1048576K
Event: 7.161 GC heap after
Heap after GC invocations=9 (full 2):
 PSYoungGen      total 148480K, used 9404K [0x000000076b700000, 0x0000000778380000, 0x00000007c0000000)
  eden space 136192K, 0% used [0x000000076b700000,0x000000076b700000,0x0000000773c00000)
  from space 12288K, 76% used [0x0000000773c00000,0x000000077452f180,0x0000000774800000)
  to   space 12288K, 0% used [0x0000000777780000,0x0000000777780000,0x0000000778380000)
 ParOldGen       total 176128K, used 15987K [0x00000006c2400000, 0x00000006cd000000, 0x000000076b700000)
  object space 176128K, 9% used [0x00000006c2400000,0x00000006c339cec0,0x00000006cd000000)
 Metaspace       used 40704K, capacity 42424K, committed 42712K, reserved 1087488K
  class space    used 5210K, capacity 5533K, committed 5632K, reserved 1048576K
}

